<?xml version="1.0" encoding="UTF-8"?>
<testsuite name="it.is.all.good.android.habbittrainer.ExampleUnitTest" tests="1" skipped="0" failures="0" errors="0" timestamp="2019-07-14T03:48:35" hostname="P48139" time="0.001">
  <properties/>
  <testcase name="addition_isCorrect" classname="it.is.all.good.android.habbittrainer.ExampleUnitTest" time="0.001"/>
  <system-out><![CDATA[]]></system-out>
  <system-err><![CDATA[]]></system-err>
</testsuite>
